Migration script called on 2013-10-14 07:54:36.931844

======= Migration to 3.2.0 =======

 + Migration for unity mutter.
   Current app list is: ['ubiquity-gtkui.desktop', 'nautilus-home.desktop', 'firefox.desktop', 'libreoffice-writer.desktop', 'libreoffice-calc.desktop', 'libreoffice-impress.desktop', 'ubuntu-software-center.desktop', 'ubuntuone-installer.desktop', 'gnome-control-center.desktop']
   Candidates are: []
 + Migration for netbook-launcher favorites.
   Current app list is: ['ubiquity-gtkui.desktop', 'nautilus-home.desktop', 'firefox.desktop', 'libreoffice-writer.desktop', 'libreoffice-calc.desktop', 'libreoffice-impress.desktop', 'ubuntu-software-center.desktop', 'ubuntuone-installer.desktop', 'gnome-control-center.desktop']
   Candidates are: []
 + Migration for gnome-panel items.
   Current app list is: ['ubiquity-gtkui.desktop', 'nautilus-home.desktop', 'firefox.desktop', 'libreoffice-writer.desktop', 'libreoffice-calc.desktop', 'libreoffice-impress.desktop', 'ubuntu-software-center.desktop', 'ubuntuone-installer.desktop', 'gnome-control-center.desktop']
   Candidates are: []
 + Migration for desktop items in /home/ubuntu/Desktop.
   Current app list is: ['ubiquity-gtkui.desktop', 'nautilus-home.desktop', 'firefox.desktop', 'libreoffice-writer.desktop', 'libreoffice-calc.desktop', 'libreoffice-impress.desktop', 'ubuntu-software-center.desktop', 'ubuntuone-installer.desktop', 'gnome-control-center.desktop']
   Candidates are: ['/home/ubuntu/Desktop/examples.desktop', '/home/ubuntu/Desktop/ubiquity-gtkui.desktop']
    == /home/ubuntu/Desktop/examples.desktop: exists
    Similar Cairo-Dock -like desktop file name with system desktop file
    /home/ubuntu/Desktop/examples.desktop: real entry is /home/ubuntu/Desktop/examples.desktop
    --- adding /home/ubuntu/Desktop/examples.desktop as not in app_list
======= Migration to 3.2.10 =======

 + Migration for awn favorites.
   Current app list is: ['ubiquity-gtkui.desktop', 'nautilus-home.desktop', 'firefox.desktop', 'libreoffice-writer.desktop', 'libreoffice-calc.desktop', 'libreoffice-impress.desktop', 'ubuntu-software-center.desktop', 'ubuntuone-installer.desktop', 'gnome-control-center.desktop', '/home/ubuntu/Desktop/examples.desktop']
   Candidates are: []
 + Can't migrate Cairo-Dock as /home/ubuntu/.config/cairo-dock/current_theme/launchers doesn't exist
Migration script ended successfully


